[08:29:44] [main/INFO]: Environment: authHost='https://authserver.mojang.com', accountsHost='https://api.mojang.com', sessionHost='https://sessionserver.mojang.com', servicesHost='https://api.minecraftservices.com', name='PROD'
[08:29:45] [main/WARN]: Ambiguity between arguments [teleport, location] and [teleport, destination] with inputs: [0.1 -0.5 .9, 0 0 0]
[08:29:45] [main/WARN]: Ambiguity between arguments [teleport, location] and [teleport, targets] with inputs: [0.1 -0.5 .9, 0 0 0]
[08:29:45] [main/WARN]: Ambiguity between arguments [teleport, destination] and [teleport, targets] with inputs: [Player, 0123, @e, dd12be42-52a9-4a91-a8a1-11c01849e498]
[08:29:45] [main/WARN]: Ambiguity between arguments [teleport, targets] and [teleport, destination] with inputs: [Player, 0123, dd12be42-52a9-4a91-a8a1-11c01849e498]
[08:29:45] [main/WARN]: Ambiguity between arguments [teleport, targets, location] and [teleport, targets, destination] with inputs: [0.1 -0.5 .9, 0 0 0]
[08:29:45] [main/INFO]: Reloading ResourceManager: Default
[08:29:45] [Worker-Main-13/INFO]: Loaded 7 recipes
[08:29:46] [Worker-Main-13/INFO]: Loaded 1127 advancements
[08:29:47] [Server thread/INFO]: Starting minecraft server version 21w18a
[08:29:47] [Server thread/INFO]: Loading properties
[08:29:47] [Server thread/INFO]: Default game type: SURVIVAL
[08:29:47] [Server thread/INFO]: Generating keypair
[08:29:47] [Server thread/INFO]: Starting Minecraft server on *:25565
[08:29:47] [Server thread/INFO]: Using default channel type
[08:29:50] [Server thread/INFO]: Preparing level "world"
[08:29:57] [Server thread/INFO]: Preparing start region for dimension minecraft:overworld
[08:29:57] [Worker-Main-10/INFO]: Preparing spawn area: 0%
[08:29:57] [Worker-Main-11/INFO]: Preparing spawn area: 0%
[08:29:58] [Worker-Main-10/INFO]: Preparing spawn area: 0%
[08:29:58] [Worker-Main-12/INFO]: Preparing spawn area: 0%
[08:29:59] [Worker-Main-11/INFO]: Preparing spawn area: 0%
[08:29:59] [Worker-Main-8/INFO]: Preparing spawn area: 1%
[08:30:00] [Worker-Main-8/INFO]: Preparing spawn area: 2%
[08:30:00] [Worker-Main-10/INFO]: Preparing spawn area: 2%
[08:30:01] [Worker-Main-8/INFO]: Preparing spawn area: 4%
[08:30:01] [Worker-Main-8/INFO]: Preparing spawn area: 4%
[08:30:02] [Worker-Main-14/INFO]: Preparing spawn area: 6%
[08:30:02] [Worker-Main-9/INFO]: Preparing spawn area: 8%
[08:30:03] [Worker-Main-14/INFO]: Preparing spawn area: 9%
[08:30:03] [Worker-Main-8/INFO]: Preparing spawn area: 10%
[08:30:04] [Worker-Main-17/INFO]: Preparing spawn area: 10%
[08:30:04] [Worker-Main-8/INFO]: Preparing spawn area: 12%
[08:30:05] [Worker-Main-11/INFO]: Preparing spawn area: 12%
[08:30:05] [Worker-Main-17/INFO]: Preparing spawn area: 12%
[08:30:06] [Worker-Main-17/INFO]: Preparing spawn area: 17%
[08:30:06] [Worker-Main-8/INFO]: Preparing spawn area: 17%
[08:30:07] [Worker-Main-9/INFO]: Preparing spawn area: 20%
[08:30:07] [Worker-Main-17/INFO]: Preparing spawn area: 20%
[08:30:08] [Worker-Main-14/INFO]: Preparing spawn area: 20%
[08:30:08] [Worker-Main-11/INFO]: Preparing spawn area: 23%
[08:30:09] [Worker-Main-17/INFO]: Preparing spawn area: 23%
[08:30:10] [Worker-Main-9/INFO]: Preparing spawn area: 25%
[08:30:10] [Worker-Main-10/INFO]: Preparing spawn area: 25%
[08:30:11] [Worker-Main-11/INFO]: Preparing spawn area: 29%
[08:30:11] [Worker-Main-11/INFO]: Preparing spawn area: 29%
[08:30:12] [Worker-Main-11/INFO]: Preparing spawn area: 32%
[08:30:13] [Worker-Main-14/INFO]: Preparing spawn area: 34%
[08:30:13] [Worker-Main-8/INFO]: Preparing spawn area: 34%
[08:30:13] [Worker-Main-9/INFO]: Preparing spawn area: 38%
[08:30:13] [Worker-Main-17/INFO]: Preparing spawn area: 43%
[08:30:14] [Worker-Main-9/INFO]: Preparing spawn area: 46%
[08:30:14] [Worker-Main-9/INFO]: Preparing spawn area: 51%
[08:30:15] [Worker-Main-9/INFO]: Preparing spawn area: 55%
[08:30:15] [Worker-Main-10/INFO]: Preparing spawn area: 58%
[08:30:16] [Worker-Main-9/INFO]: Preparing spawn area: 64%
[08:30:16] [Worker-Main-12/INFO]: Preparing spawn area: 67%
[08:30:17] [Worker-Main-11/INFO]: Preparing spawn area: 71%
[08:30:17] [Worker-Main-12/INFO]: Preparing spawn area: 75%
[08:30:18] [Worker-Main-8/INFO]: Preparing spawn area: 81%
[08:30:18] [Worker-Main-12/INFO]: Preparing spawn area: 85%
[08:30:19] [Worker-Main-17/INFO]: Preparing spawn area: 88%
[08:30:19] [Worker-Main-12/INFO]: Preparing spawn area: 93%
[08:30:20] [Worker-Main-8/INFO]: Preparing spawn area: 97%
[08:30:20] [Server thread/INFO]: Time elapsed: 23254 ms
[08:30:20] [Server thread/INFO]: Done (30.276s)! For help, type "help"
[08:30:22] [Server thread/INFO]: Unknown or incomplete command, see below for error
[08:30:22] [Server thread/INFO]: <--[HERE]
[08:30:22] [Server thread/INFO]: Unknown or incomplete command, see below for error
[08:30:22] [Server thread/INFO]: <--[HERE]
[08:30:22] [Server thread/INFO]: Unknown or incomplete command, see below for error
[08:30:22] [Server thread/INFO]: <--[HERE]
[08:30:24] [Server thread/INFO]: There are 0 of a max of 20 players online: 
[08:30:26] [Server thread/INFO]: Unknown or incomplete command, see below for error
[08:30:26] [Server thread/INFO]: exit<--[HERE]
